# JRE version: Java(TM) SE Runtime Environment (22.0.1+8) (build 22.0.1+8-16)
# Java VM: Java HotSpot(TM) 64-Bit Server VM (22.0.1+8-16, mixed mode, emulated-client, sharing, tiered, compressed oops, compressed class ptrs, g1 gc, windows-amd64)
GC Precious Log:
 CardTable entry size: 512
 Card Set container configuration: InlinePtr #cards 5 size 8 Array Of Cards #cards 12 size 40 Howl #buckets 4 coarsen threshold 1843 Howl Bitmap #cards 512 size 80 coarsen threshold 460 Card regions per heap region 1 cards per card region 2048
 CPUs: 8 total, 8 available
 Memory: 7103M
 Large Page Support: Disabled
 NUMA Support: Disabled
 Compressed Oops: Enabled (32-bit)
 Heap Region Size: 1M
 Heap Min Capacity: 8M
 Heap Initial Capacity: 112M
 Heap Max Capacity: 1776M
 Pre-touch: Disabled
 Parallel Workers: 8
 Concurrent Workers: 2
 Concurrent Refinement Workers: 8
 Periodic GC: Disabled
Heap:
 garbage-first heap   total reserved 1818624K, committed 61440K, used 38438K [0x0000000091000000, 0x0000000100000000)
  region size 1024K, 20 young (20480K), 4 survivors (4096K)
 Metaspace       used 45494K, committed 46144K, reserved 1114112K
  class space    used 6462K, committed 6784K, reserved 1048576K
GC Heap History (18 events):
Event: 1.547 GC heap before
{Heap before GC invocations=0 (full 0):
 garbage-first heap   total reserved 1818624K, committed 114688K, used 24576K [0x0000000091000000, 0x0000000100000000)
  region size 1024K, 24 young (24576K), 0 survivors (0K)
 Metaspace       used 7523K, committed 7872K, reserved 1114112K
  class space    used 950K, committed 1088K, reserved 1048576K
}
Event: 1.561 GC heap after
{Heap after GC invocations=1 (full 0):
 garbage-first heap   total reserved 1818624K, committed 114688K, used 8101K [0x0000000091000000, 0x0000000100000000)
  region size 1024K, 3 young (3072K), 3 survivors (3072K)
 Metaspace       used 7523K, committed 7872K, reserved 1114112K
  class space    used 950K, committed 1088K, reserved 1048576K
}
Event: 2.536 GC heap before
{Heap before GC invocations=1 (full 0):
 garbage-first heap   total reserved 1818624K, committed 114688K, used 35749K [0x0000000091000000, 0x0000000100000000)
  region size 1024K, 30 young (30720K), 3 survivors (3072K)
 Metaspace       used 15008K, committed 15360K, reserved 1114112K
  class space    used 1985K, committed 2112K, reserved 1048576K
}
Event: 2.543 GC heap after
{Heap after GC invocations=2 (full 0):
 garbage-first heap   total reserved 1818624K, committed 114688K, used 11160K [0x0000000091000000, 0x0000000100000000)
  region size 1024K, 3 young (3072K), 3 survivors (3072K)
 Metaspace       used 15008K, committed 15360K, reserved 1114112K
  class space    used 1985K, committed 2112K, reserved 1048576K
}
Event: 3.384 GC heap before
{Heap before GC invocations=2 (full 0):
 garbage-first heap   total reserved 1818624K, committed 114688K, used 42904K [0x0000000091000000, 0x0000000100000000)
  region size 1024K, 36 young (36864K), 3 survivors (3072K)
 Metaspace       used 20910K, committed 21312K, reserved 1114112K
  class space    used 2783K, committed 2944K, reserved 1048576K
}
Event: 3.394 GC heap after
{Heap after GC invocations=3 (full 0):
 garbage-first heap   total reserved 1818624K, committed 114688K, used 14624K [0x0000000091000000, 0x0000000100000000)
  region size 1024K, 6 young (6144K), 6 survivors (6144K)
 Metaspace       used 20910K, committed 21312K, reserved 1114112K
  class space    used 2783K, committed 2944K, reserved 1048576K
}
Event: 4.178 GC heap before
{Heap before GC invocations=4 (full 0):
 garbage-first heap   total reserved 1818624K, committed 51200K, used 39200K [0x0000000091000000, 0x0000000100000000)
  region size 1024K, 30 young (30720K), 6 survivors (6144K)
 Metaspace       used 23098K, committed 23488K, reserved 1114112K
  class space    used 3113K, committed 3264K, reserved 1048576K
}
Event: 4.191 GC heap after
{Heap after GC invocations=5 (full 0):
 garbage-first heap   total reserved 1818624K, committed 51200K, used 16754K [0x0000000091000000, 0x0000000100000000)
  region size 1024K, 3 young (3072K), 3 survivors (3072K)
 Metaspace       used 23098K, committed 23488K, reserved 1114112K
  class space    used 3113K, committed 3264K, reserved 1048576K
}
Event: 4.881 GC heap before
{Heap before GC invocations=5 (full 0):
 garbage-first heap   total reserved 1818624K, committed 51200K, used 38258K [0x0000000091000000, 0x0000000100000000)
  region size 1024K, 24 young (24576K), 3 survivors (3072K)
 Metaspace       used 26206K, committed 26752K, reserved 1114112K
  class space    used 3602K, committed 3840K, reserved 1048576K
}
Event: 4.890 GC heap after
{Heap after GC invocations=6 (full 0):
 garbage-first heap   total reserved 1818624K, committed 51200K, used 18423K [0x0000000091000000, 0x0000000100000000)
  region size 1024K, 3 young (3072K), 3 survivors (3072K)
 Metaspace       used 26206K, committed 26752K, reserved 1114112K
  class space    used 3602K, committed 3840K, reserved 1048576K
}
Event: 5.703 GC heap before
{Heap before GC invocations=6 (full 0):
 garbage-first heap   total reserved 1818624K, committed 51200K, used 39927K [0x0000000091000000, 0x0000000100000000)
  region size 1024K, 24 young (24576K), 3 survivors (3072K)
 Metaspace       used 29802K, committed 30336K, reserved 1114112K
  class space    used 4119K, committed 4352K, reserved 1048576K
}
Event: 5.714 GC heap after
{Heap after GC invocations=7 (full 0):
 garbage-first heap   total reserved 1818624K, committed 51200K, used 20609K [0x0000000091000000, 0x0000000100000000)
  region size 1024K, 3 young (3072K), 3 survivors (3072K)
 Metaspace       used 29802K, committed 30336K, reserved 1114112K
  class space    used 4119K, committed 4352K, reserved 1048576K
}
Event: 6.437 GC heap before
{Heap before GC invocations=7 (full 0):
 garbage-first heap   total reserved 1818624K, committed 51200K, used 42113K [0x0000000091000000, 0x0000000100000000)
  region size 1024K, 24 young (24576K), 3 survivors (3072K)
 Metaspace       used 33393K, committed 33920K, reserved 1114112K
  class space    used 4629K, committed 4864K, reserved 1048576K
}
Event: 6.441 GC heap after
{Heap after GC invocations=8 (full 0):
 garbage-first heap   total reserved 1818624K, committed 61440K, used 21966K [0x0000000091000000, 0x0000000100000000)
  region size 1024K, 2 young (2048K), 2 survivors (2048K)
 Metaspace       used 33393K, committed 33920K, reserved 1114112K
  class space    used 4629K, committed 4864K, reserved 1048576K
}
Event: 6.621 GC heap before
{Heap before GC invocations=8 (full 0):
 garbage-first heap   total reserved 1818624K, committed 61440K, used 27086K [0x0000000091000000, 0x0000000100000000)
  region size 1024K, 8 young (8192K), 2 survivors (2048K)
 Metaspace       used 34966K, committed 35520K, reserved 1114112K
  class space    used 4801K, committed 5056K, reserved 1048576K
}
Event: 6.623 GC heap after
{Heap after GC invocations=9 (full 0):
 garbage-first heap   total reserved 1818624K, committed 61440K, used 22154K [0x0000000091000000, 0x0000000100000000)
  region size 1024K, 2 young (2048K), 2 survivors (2048K)
 Metaspace       used 34966K, committed 35520K, reserved 1114112K
  class space    used 4801K, committed 5056K, reserved 1048576K
}
Event: 7.750 GC heap before
{Heap before GC invocations=10 (full 0):
 garbage-first heap   total reserved 1818624K, committed 61440K, used 50826K [0x0000000091000000, 0x0000000100000000)
  region size 1024K, 30 young (30720K), 2 survivors (2048K)
 Metaspace       used 41572K, committed 42240K, reserved 1114112K
  class space    used 5836K, committed 6144K, reserved 1048576K
}
Event: 7.754 GC heap after
{Heap after GC invocations=11 (full 0):
 garbage-first heap   total reserved 1818624K, committed 61440K, used 24102K [0x0000000091000000, 0x0000000100000000)
  region size 1024K, 4 young (4096K), 4 survivors (4096K)
 Metaspace       used 41572K, committed 42240K, reserved 1114112K
  class space    used 5836K, committed 6144K, reserved 1048576K
}

