# JRE version: Java(TM) SE Runtime Environment (22.0.1+8) (build 22.0.1+8-16)
# Java VM: Java HotSpot(TM) 64-Bit Server VM (22.0.1+8-16, mixed mode, emulated-client, sharing, tiered, compressed oops, compressed class ptrs, g1 gc, windows-amd64)
GC Precious Log:
 CardTable entry size: 512
 Card Set container configuration: InlinePtr #cards 5 size 8 Array Of Cards #cards 12 size 40 Howl #buckets 4 coarsen threshold 1843 Howl Bitmap #cards 512 size 80 coarsen threshold 460 Card regions per heap region 1 cards per card region 2048
 CPUs: 8 total, 8 available
 Memory: 7103M
 Large Page Support: Disabled
 NUMA Support: Disabled
 Compressed Oops: Enabled (32-bit)
 Heap Region Size: 1M
 Heap Min Capacity: 8M
 Heap Initial Capacity: 112M
 Heap Max Capacity: 1776M
 Pre-touch: Disabled
 Parallel Workers: 8
 Concurrent Workers: 2
 Concurrent Refinement Workers: 8
 Periodic GC: Disabled
Heap:
 garbage-first heap   total reserved 1818624K, committed 62464K, used 43806K [0x0000000091000000, 0x0000000100000000)
  region size 1024K, 12 young (12288K), 2 survivors (2048K)
 Metaspace       used 73389K, committed 74240K, reserved 1114112K
  class space    used 10693K, committed 11072K, reserved 1048576K
GC Heap History (20 events):
Event: 8.067 GC heap before
{Heap before GC invocations=7 (full 0):
 garbage-first heap   total reserved 1818624K, committed 51200K, used 40618K [0x0000000091000000, 0x0000000100000000)
  region size 1024K, 23 young (23552K), 2 survivors (2048K)
 Metaspace       used 33509K, committed 34112K, reserved 1114112K
  class space    used 4645K, committed 4928K, reserved 1048576K
}
Event: 8.074 GC heap after
{Heap after GC invocations=8 (full 0):
 garbage-first heap   total reserved 1818624K, committed 61440K, used 21745K [0x0000000091000000, 0x0000000100000000)
  region size 1024K, 2 young (2048K), 2 survivors (2048K)
 Metaspace       used 33509K, committed 34112K, reserved 1114112K
  class space    used 4645K, committed 4928K, reserved 1048576K
}
Event: 8.152 GC heap before
{Heap before GC invocations=8 (full 0):
 garbage-first heap   total reserved 1818624K, committed 61440K, used 23793K [0x0000000091000000, 0x0000000100000000)
  region size 1024K, 5 young (5120K), 2 survivors (2048K)
 Metaspace       used 34121K, committed 34688K, reserved 1114112K
  class space    used 4708K, committed 4992K, reserved 1048576K
}
Event: 8.156 GC heap after
{Heap after GC invocations=9 (full 0):
 garbage-first heap   total reserved 1818624K, committed 61440K, used 21536K [0x0000000091000000, 0x0000000100000000)
  region size 1024K, 2 young (2048K), 2 survivors (2048K)
 Metaspace       used 34121K, committed 34688K, reserved 1114112K
  class space    used 4708K, committed 4992K, reserved 1048576K
}
Event: 9.558 GC heap before
{Heap before GC invocations=10 (full 0):
 garbage-first heap   total reserved 1818624K, committed 61440K, used 51232K [0x0000000091000000, 0x0000000100000000)
  region size 1024K, 31 young (31744K), 2 survivors (2048K)
 Metaspace       used 41165K, committed 41856K, reserved 1114112K
  class space    used 5773K, committed 6080K, reserved 1048576K
}
Event: 9.562 GC heap after
{Heap after GC invocations=11 (full 0):
 garbage-first heap   total reserved 1818624K, committed 61440K, used 23667K [0x0000000091000000, 0x0000000100000000)
  region size 1024K, 4 young (4096K), 4 survivors (4096K)
 Metaspace       used 41165K, committed 41856K, reserved 1114112K
  class space    used 5773K, committed 6080K, reserved 1048576K
}
Event: 10.601 GC heap before
{Heap before GC invocations=11 (full 0):
 garbage-first heap   total reserved 1818624K, committed 61440K, used 52339K [0x0000000091000000, 0x0000000100000000)
  region size 1024K, 32 young (32768K), 4 survivors (4096K)
 Metaspace       used 48325K, committed 48960K, reserved 1114112K
  class space    used 6823K, committed 7104K, reserved 1048576K
}
Event: 10.611 GC heap after
{Heap after GC invocations=12 (full 0):
 garbage-first heap   total reserved 1818624K, committed 61440K, used 25074K [0x0000000091000000, 0x0000000100000000)
  region size 1024K, 4 young (4096K), 4 survivors (4096K)
 Metaspace       used 48325K, committed 48960K, reserved 1114112K
  class space    used 6823K, committed 7104K, reserved 1048576K
}
Event: 11.749 GC heap before
{Heap before GC invocations=12 (full 0):
 garbage-first heap   total reserved 1818624K, committed 61440K, used 52722K [0x0000000091000000, 0x0000000100000000)
  region size 1024K, 32 young (32768K), 4 survivors (4096K)
 Metaspace       used 56415K, committed 57152K, reserved 1114112K
  class space    used 8188K, committed 8512K, reserved 1048576K
}
Event: 11.757 GC heap after
{Heap after GC invocations=13 (full 0):
 garbage-first heap   total reserved 1818624K, committed 61440K, used 26045K [0x0000000091000000, 0x0000000100000000)
  region size 1024K, 3 young (3072K), 3 survivors (3072K)
 Metaspace       used 56415K, committed 57152K, reserved 1114112K
  class space    used 8188K, committed 8512K, reserved 1048576K
}
Event: 12.155 GC heap before
{Heap before GC invocations=13 (full 0):
 garbage-first heap   total reserved 1818624K, committed 61440K, used 33213K [0x0000000091000000, 0x0000000100000000)
  region size 1024K, 11 young (11264K), 3 survivors (3072K)
 Metaspace       used 57482K, committed 58176K, reserved 1114112K
  class space    used 8310K, committed 8576K, reserved 1048576K
}
Event: 12.164 GC heap after
{Heap after GC invocations=14 (full 0):
 garbage-first heap   total reserved 1818624K, committed 61440K, used 27094K [0x0000000091000000, 0x0000000100000000)
  region size 1024K, 3 young (3072K), 3 survivors (3072K)
 Metaspace       used 57482K, committed 58176K, reserved 1114112K
  class space    used 8310K, committed 8576K, reserved 1048576K
}
Event: 13.187 GC heap before
{Heap before GC invocations=15 (full 0):
 garbage-first heap   total reserved 1818624K, committed 61440K, used 52694K [0x0000000091000000, 0x0000000100000000)
  region size 1024K, 29 young (29696K), 3 survivors (3072K)
 Metaspace       used 61707K, committed 62464K, reserved 1114112K
  class space    used 8950K, committed 9280K, reserved 1048576K
}
Event: 13.194 GC heap after
{Heap after GC invocations=16 (full 0):
 garbage-first heap   total reserved 1818624K, committed 61440K, used 29977K [0x0000000091000000, 0x0000000100000000)
  region size 1024K, 4 young (4096K), 4 survivors (4096K)
 Metaspace       used 61707K, committed 62464K, reserved 1114112K
  class space    used 8950K, committed 9280K, reserved 1048576K
}
Event: 14.082 GC heap before
{Heap before GC invocations=16 (full 0):
 garbage-first heap   total reserved 1818624K, committed 61440K, used 52505K [0x0000000091000000, 0x0000000100000000)
  region size 1024K, 27 young (27648K), 4 survivors (4096K)
 Metaspace       used 64249K, committed 65024K, reserved 1114112K
  class space    used 9371K, committed 9728K, reserved 1048576K
}
Event: 14.090 GC heap after
{Heap after GC invocations=17 (full 0):
 garbage-first heap   total reserved 1818624K, committed 62464K, used 32423K [0x0000000091000000, 0x0000000100000000)
  region size 1024K, 3 young (3072K), 3 survivors (3072K)
 Metaspace       used 64249K, committed 65024K, reserved 1114112K
  class space    used 9371K, committed 9728K, reserved 1048576K
}
Event: 19.524 GC heap before
{Heap before GC invocations=17 (full 0):
 garbage-first heap   total reserved 1818624K, committed 62464K, used 52903K [0x0000000091000000, 0x0000000100000000)
  region size 1024K, 24 young (24576K), 3 survivors (3072K)
 Metaspace       used 67277K, committed 68160K, reserved 1114112K
  class space    used 9803K, committed 10176K, reserved 1048576K
}
Event: 19.539 GC heap after
{Heap after GC invocations=18 (full 0):
 garbage-first heap   total reserved 1818624K, committed 62464K, used 34391K [0x0000000091000000, 0x0000000100000000)
  region size 1024K, 3 young (3072K), 3 survivors (3072K)
 Metaspace       used 67277K, committed 68160K, reserved 1114112K
  class space    used 9803K, committed 10176K, reserved 1048576K
}
Event: 255.747 GC heap before
{Heap before GC invocations=19 (full 0):
 garbage-first heap   total reserved 1818624K, committed 62464K, used 52823K [0x0000000091000000, 0x0000000100000000)
  region size 1024K, 22 young (22528K), 3 survivors (3072K)
 Metaspace       used 71171K, committed 72064K, reserved 1114112K
  class space    used 10383K, committed 10752K, reserved 1048576K
}
Event: 255.763 GC heap after
{Heap after GC invocations=20 (full 0):
 garbage-first heap   total reserved 1818624K, committed 62464K, used 35614K [0x0000000091000000, 0x0000000100000000)
  region size 1024K, 2 young (2048K), 2 survivors (2048K)
 Metaspace       used 71171K, committed 72064K, reserved 1114112K
  class space    used 10383K, committed 10752K, reserved 1048576K
}

